<?xml version="1.0" encoding="UTF-8"?>
<testng-results ignored="0" total="1" passed="1" failed="0" skipped="0">
  <reporter-output>
  </reporter-output>
  <suite started-at="2024-02-18T14:42:02 IST" name="Surefire suite" finished-at="2024-02-18T14:42:02 IST" duration-ms="60">
    <groups>
    </groups>
    <test started-at="2024-02-18T14:42:02 IST" name="Surefire test" finished-at="2024-02-18T14:42:02 IST" duration-ms="60">
      <class name="Demo.TestCheck">
        <test-method signature="test()[pri:0, instance:Demo.TestCheck@2aece37d]" started-at="2024-02-18T14:42:02 IST" name="test" finished-at="2024-02-18T14:42:02 IST" duration-ms="9" status="PASS">
          <reporter-output>
          </reporter-output>
        </test-method> <!-- test -->
      </class> <!-- Demo.TestCheck -->
    </test> <!-- Surefire test -->
  </suite> <!-- Surefire suite -->
</testng-results>
